<?xml version="1.0" encoding="UTF-8" standalone="yes"?>
<testsuites>
    <testsuite name="out" tests="5" failures="1" errors="0">
        <testcase name="1" time="0.0" classname="S429_MON_CMON_SILENT_BUS_CHECK"/>
        <testcase name="2" time="0.0" classname="S429_MON_CMON_SILENT_BUS_CHECK">
            <failure type="Error" message="5 variables failed"/>
            <system-err>S429_MON_CMON_SILENT_BUS_CHECK S429_MON_CMON_SILENT_BUS_TOTAL_CHECK failed. The obtained value 0 is different from the expected value 48.&#xD;
S429_MON_CMON_SILENT_BUS_CHECK A653_HBOX_READ_IO_32 failed. The obtained value 0 is different from the expected value 48.&#xD;
S429_MON_CMON_SILENT_BUS_CHECK S429_MON_CMON_SILENT_BUS_CONF_CHECK failed. The obtained value 0 is different from the expected value 48.&#xD;
B_SUT_BUS_CONF_CHECK failed. The obtained value 0 is different from the expected value 1.&#xD;
B_SUT_BUS_TOTAL_CHECK failed. The obtained value 0 is different from the expected value 1.&#xD;
</system-err>
        </testcase>
        <testcase name="3" time="0.0" classname="S429_MON_CMON_SILENT_BUS_CHECK"/>
        <testcase name="4" time="0.0" classname="S429_MON_CMON_SILENT_BUS_CHECK"/>
        <testcase name="5" time="0.0" classname="S429_MON_CMON_SILENT_BUS_CHECK"/>
    </testsuite>
</testsuites>