<?xml version="1.0" encoding="UTF-8" standalone="yes"?>
<testsuites>
    <testsuite errors="0" failures="0" name="out" tests="1">
        <testcase classname="STRINGUTILITIE_1" name="2" time="0.001"/>
    </testsuite>
</testsuites>
