<?xml version="1.0" encoding="UTF-8" standalone="yes"?>
<testsuites>
    <testsuite name="out2" tests="1" failures="0" errors="0">
        <testcase name="1" time="0.001" classname="EV_StopIntent"/>
    </testsuite>
</testsuites>
