<?xml version="1.0" encoding="UTF-8" standalone="yes"?>
<testsuites>
    <testsuite name="a350_rtrt7_3" tests="59" failures="0" errors="0">
        <testcase name="ND_CDS_UI_MODEL_UTP-0001" time="0.473" classname="NDCDSUIModel"/>
        <testcase name="ND_CDS_UI_MODEL_UTP-0002" time="0.007" classname="NDCDSUIModel"/>
        <testcase name="ND_CDS_UI_MODEL_UTP-0003" time="0.013" classname="NDCDSUIModel"/>
        <testcase name="ND_CDS_UI_MODEL_UTP-0004" time="0.013" classname="NDCDSUIModel"/>
        <testcase name="ND_CDS_UI_MODEL_UTP-0005" time="0.014" classname="NDCDSUIModel"/>
        <testcase name="ND_CDS_UI_MODEL_UTP-0006" time="0.012" classname="NDCDSUIModel"/>
        <testcase name="ND_CDS_UI_MODEL_UTP-0007" time="0.016" classname="NDCDSUIModel"/>
        <testcase name="ND_CDS_UI_MODEL_UTP-0008" time="0.014" classname="NDCDSUIModel"/>
        <testcase name="ND_CDS_UI_MODEL_UTP-0009" time="0.017" classname="NDCDSUIModel"/>
        <testcase name="ND_CDS_UI_MODEL_UTP-0011" time="0.021" classname="NDCDSUIModel"/>
        <testcase name="ND_CDS_UI_MODEL_UTP-0012" time="0.021" classname="NDCDSUIModel"/>
        <testcase name="ND_CDS_UI_MODEL_UTP-0013" time="0.021" classname="NDCDSUIModel"/>
        <testcase name="ND_CDS_UI_MODEL_UTP-0014" time="0.016" classname="NDCDSUIModel"/>
        <testcase name="ND_CDS_UI_MODEL_UTP-0040" time="0.006" classname="NDCDSUIModel"/>
        <testcase name="ND_CDS_UI_MODEL_UTP-0015" time="0.007" classname="NDCDSUIModel"/>
        <testcase name="ND_CDS_UI_MODEL_UTP-0043" time="0.006" classname="NDCDSUIModel"/>
        <testcase name="ND_CDS_UI_MODEL_UTP-0016" time="0.008" classname="NDCDSUIModel"/>
        <testcase name="ND_CDS_UI_MODEL_UTP-0017_1" time="0.017" classname="NDCDSUIModel"/>
        <testcase name="ND_CDS_UI_MODEL_UTP-0017_2" time="0.016" classname="NDCDSUIModel"/>
        <testcase name="ND_CDS_UI_MODEL_UTP-0017_3" time="0.016" classname="NDCDSUIModel"/>
        <testcase name="ND_CDS_UI_MODEL_UTP-0018" time="0.023" classname="NDCDSUIModel"/>
        <testcase name="ND_CDS_UI_MODEL_UTP-0019" time="0.011" classname="NDCDSUIModel"/>
        <testcase name="ND_CDS_UI_MODEL_UTP-0020" time="0.007" classname="NDCDSUIModel"/>
        <testcase name="ND_CDS_UI_MODEL_UTP-0021" time="0.017" classname="NDCDSUIModel"/>
        <testcase name="ND_CDS_UI_MODEL_UTP-0022" time="0.018" classname="NDCDSUIModel"/>
        <testcase name="ND_CDS_UI_MODEL_UTP-0023" time="0.016" classname="NDCDSUIModel"/>
        <testcase name="ND_CDS_UI_MODEL_UTP-0024" time="0.017" classname="NDCDSUIModel"/>
        <testcase name="ND_CDS_UI_MODEL_UTP-0025" time="0.02" classname="NDCDSUIModel"/>
        <testcase name="ND_CDS_UI_MODEL_UTP-0026" time="0.018" classname="NDCDSUIModel"/>
        <testcase name="ND_CDS_UI_MODEL_UTP-0038" time="0.019" classname="NDCDSUIModel"/>
        <testcase name="ND_CDS_UI_MODEL_UTP-0039" time="0.006" classname="NDCDSUIModel"/>
        <testcase name="ND_CDS_UI_MODEL_UTP-0035" time="0.023" classname="NDCDSUIModel"/>
        <testcase name="ND_CDS_UI_MODEL_UTP-0034" time="0.022" classname="NDCDSUIModel"/>
        <testcase name="ND_CDS_UI_MODEL_UTP-0041" time="0.017" classname="NDCDSUIModel"/>
        <testcase name="ND_CDS_UI_MODEL_UTP-0027" time="0.006" classname="NDCDSUIModel"/>
        <testcase name="ND_CDS_UI_MODEL_UTP-0028" time="0.006" classname="NDCDSUIModel"/>
        <testcase name="ND_CDS_UI_MODEL_UTP-0032_1" time="0.009" classname="NDCDSUIModel"/>
        <testcase name="ND_CDS_UI_MODEL_UTP-0032_2" time="0.019" classname="NDCDSUIModel"/>
        <testcase name="ND_CDS_UI_MODEL_UTP-0032_3" time="0.018" classname="NDCDSUIModel"/>
        <testcase name="ND_CDS_UI_MODEL_UTP-0032_4" time="0.038" classname="NDCDSUIModel"/>
        <testcase name="ND_CDS_UI_MODEL_UTP-0032_5" time="0.02" classname="NDCDSUIModel"/>
        <testcase name="ND_CDS_UI_MODEL_UTP-0045" time="0.017" classname="NDCDSUIModel"/>
        <testcase name="ND_CDS_UI_MODEL_UTP-0037" time="0.016" classname="NDCDSUIModel"/>
        <testcase name="ND_CDS_UI_MODEL_UTP-0036" time="0.016" classname="NDCDSUIModel"/>
        <testcase name="ND_CDS_UI_MODEL_UTP-0033_1" time="0.009" classname="NDCDSUIModel"/>
        <testcase name="ND_CDS_UI_MODEL_UTP-0033_2" time="0.023" classname="NDCDSUIModel"/>
        <testcase name="ND_CDS_UI_MODEL_UTP-0031" time="0.025" classname="NDCDSUIModel"/>
        <testcase name="ND_CDS_UI_MODEL_UTP-0030" time="0.008" classname="NDCDSUIModel"/>
        <testcase name="ND_CDS_UI_MODEL_UTP-0029" time="0.009" classname="NDCDSUIModel"/>
        <testcase name="ND_CDS_UI_MODEL_UTP-0042" time="0.015" classname="NDCDSUIModel"/>
        <testcase name="ND_CDS_UI_MODEL_UTP-0046_1" time="0.016" classname="NDCDSUIModel"/>
        <testcase name="ND_CDS_UI_MODEL_UTP-0046_2" time="0.015" classname="NDCDSUIModel"/>
        <testcase name="ND_CDS_UI_MODEL_UTP-0010" time="0.011" classname="NDCDSUIModel"/>
        <testcase name="ND_CDS_UI_MODEL_UTP-0032_6" time="0.029" classname="NDCDSUIModel"/>
        <testcase name="ND_CDS_UI_MODEL_UTP-0044" time="0.023" classname="NDCDSUIModel"/>
        <testcase name="ND_CDS_UI_MODEL_UTP-0048" time="0.017" classname="NDCDSUIModel"/>
        <testcase name="ND_CDS_UI_MODEL_UTP-0047_1" time="0.017" classname="NDCDSUIModel"/>
        <testcase name="ND_CDS_UI_MODEL_UTP-0047_2" time="0.023" classname="NDCDSUIModel"/>
        <testcase name="ND_CDS_UI_MODEL_UTP-0049" time="0.019" classname="NDCDSUIModel"/>
    </testsuite>
</testsuites>
