<?xml version="1.0" encoding="UTF-8" standalone="yes"?>
<testsuites>
    <testsuite name="out" tests="1" failures="0" errors="1">
        <testcase name="Error during compilation or execution">
            <error type="Error" message="TestRT-I-STARTEXEC, Rational(R) Test RealTime C Test Script Compiler 2002.05.21.468.004
TestRT-I-COPYRIGHT, Copyright(C) 1992-2002 Rational Software Corporation. All rights reserved.
TestRT-I-ENDNOENWR, End of execution with 0 error and 0 warning"/>
        </testcase>
    </testsuite>
</testsuites>
